C:\Users\a1863615\AppData\Local\Packages\PythonSoftwareFoundation.Python.3.12_qbz5n2kfra8p0\LocalCache\local-packages\Python312\site-packages\whisper\transcribe.py:126: UserWarning: FP16 is not supported on CPU; using FP32 instead
  warnings.warn("FP16 is not supported on CPU; using FP32 instead")
Traceback (most recent call last):
  File "C:\Users\a1863615\AppData\Local\Packages\PythonSoftwareFoundation.Python.3.12_qbz5n2kfra8p0\LocalCache\local-packages\Python312\site-packages\whisper\audio.py", line 58, in load_audio
    out = run(cmd, capture_output=True, check=True).stdout
          ^^^^^^^^^^^^^^^^^^^^^^^^^^^^^^^^^^^^^^^^^
  File "C:\Program Files\WindowsApps\PythonSoftwareFoundation.Python.3.12_3.12.752.0_x64__qbz5n2kfra8p0\Lib\subprocess.py", line 571, in run
    raise CalledProcessError(retcode, process.args,
subprocess.CalledProcessError: Command '['ffmpeg', '-nostdin', '-threads', '0', '-i', 'audio', '-f', 's16le', '-ac', '1', '-acodec', 'pcm_s16le', '-ar', '16000', '-']' returned non-zero exit status 4294967294.

The above exception was the direct cause of the following exception:

Traceback (most recent call last):
  File "C:\Users\a1863615\AppData\Local\Packages\PythonSoftwareFoundation.Python.3.12_qbz5n2kfra8p0\LocalCache\local-packages\Python312\site-packages\whisper\transcribe.py", line 597, in cli
    result = transcribe(model, audio_path, temperature=temperature, **args)
             ^^^^^^^^^^^^^^^^^^^^^^^^^^^^^^^^^^^^^^^^^^^^^^^^^^^^^^^^^^^^^^
  File "C:\Users\a1863615\AppData\Local\Packages\PythonSoftwareFoundation.Python.3.12_qbz5n2kfra8p0\LocalCache\local-packages\Python312\site-packages\whisper\transcribe.py", line 133, in transcribe
    mel = log_mel_spectrogram(audio, model.dims.n_mels, padding=N_SAMPLES)
          ^^^^^^^^^^^^^^^^^^^^^^^^^^^^^^^^^^^^^^^^^^^^^^^^^^^^^^^^^^^^^^^^
  File "C:\Users\a1863615\AppData\Local\Packages\PythonSoftwareFoundation.Python.3.12_qbz5n2kfra8p0\LocalCache\local-packages\Python312\site-packages\whisper\audio.py", line 140, in log_mel_spectrogram
    audio = load_audio(audio)
            ^^^^^^^^^^^^^^^^^
  File "C:\Users\a1863615\AppData\Local\Packages\PythonSoftwareFoundation.Python.3.12_qbz5n2kfra8p0\LocalCache\local-packages\Python312\site-packages\whisper\audio.py", line 60, in load_audio
    raise RuntimeError(f"Failed to load audio: {e.stderr.decode()}") from e
RuntimeError: Failed to load audio: ffmpeg version 6.1.1-full_build-www.gyan.dev Copyright (c) 2000-2023 the FFmpeg developers
  built with gcc 12.2.0 (Rev10, Built by MSYS2 project)
  configuration: --enable-gpl --enable-version3 --enable-static --pkg-config=pkgconf --disable-w32threads --disable-autodetect --enable-fontconfig --enable-iconv --enable-gnutls --enable-libxml2 --enable-gmp --enable-bzlib --enable-lzma --enable-libsnappy --enable-zlib --enable-librist --enable-libsrt --enable-libssh --enable-libzmq --enable-avisynth --enable-libbluray --enable-libcaca --enable-sdl2 --enable-libaribb24 --enable-libaribcaption --enable-libdav1d --enable-libdavs2 --enable-libuavs3d --enable-libzvbi --enable-librav1e --enable-libsvtav1 --enable-libwebp --enable-libx264 --enable-libx265 --enable-libxavs2 --enable-libxvid --enable-libaom --enable-libjxl --enable-libopenjpeg --enable-libvpx --enable-mediafoundation --enable-libass --enable-frei0r --enable-libfreetype --enable-libfribidi --enable-libharfbuzz --enable-liblensfun --enable-libvidstab --enable-libvmaf --enable-libzimg --enable-amf --enable-cuda-llvm --enable-cuvid --enable-ffnvcodec --enable-nvdec --enable-nvenc --enable-dxva2 --enable-d3d11va --enable-libvpl --enable-libshaderc --enable-vulkan --enable-libplacebo --enable-opencl --enable-libcdio --enable-libgme --enable-libmodplug --enable-libopenmpt --enable-libopencore-amrwb --enable-libmp3lame --enable-libshine --enable-libtheora --enable-libtwolame --enable-libvo-amrwbenc --enable-libcodec2 --enable-libilbc --enable-libgsm --enable-libopencore-amrnb --enable-libopus --enable-libspeex --enable-libvorbis --enable-ladspa --enable-libbs2b --enable-libflite --enable-libmysofa --enable-librubberband --enable-libsoxr --enable-chromaprint
  libavutil      58. 29.100 / 58. 29.100
  libavcodec     60. 31.102 / 60. 31.102
  libavformat    60. 16.100 / 60. 16.100
  libavdevice    60.  3.100 / 60.  3.100
  libavfilter     9. 12.100 /  9. 12.100
  libswscale      7.  5.100 /  7.  5.100
  libswresample   4. 12.100 /  4. 12.100
  libpostproc    57.  3.100 / 57.  3.100
[in#0 @ 0000024803497e00] Error opening input: No such file or directory
Error opening input file audio.
Error opening input files: No such file or directory

Skipping audio due to RuntimeError: Failed to load audio: ffmpeg version 6.1.1-full_build-www.gyan.dev Copyright (c) 2000-2023 the FFmpeg developers
  built with gcc 12.2.0 (Rev10, Built by MSYS2 project)
  configuration: --enable-gpl --enable-version3 --enable-static --pkg-config=pkgconf --disable-w32threads --disable-autodetect --enable-fontconfig --enable-iconv --enable-gnutls --enable-libxml2 --enable-gmp --enable-bzlib --enable-lzma --enable-libsnappy --enable-zlib --enable-librist --enable-libsrt --enable-libssh --enable-libzmq --enable-avisynth --enable-libbluray --enable-libcaca --enable-sdl2 --enable-libaribb24 --enable-libaribcaption --enable-libdav1d --enable-libdavs2 --enable-libuavs3d --enable-libzvbi --enable-librav1e --enable-libsvtav1 --enable-libwebp --enable-libx264 --enable-libx265 --enable-libxavs2 --enable-libxvid --enable-libaom --enable-libjxl --enable-libopenjpeg --enable-libvpx --enable-mediafoundation --enable-libass --enable-frei0r --enable-libfreetype --enable-libfribidi --enable-libharfbuzz --enable-liblensfun --enable-libvidstab --enable-libvmaf --enable-libzimg --enable-amf --enable-cuda-llvm --enable-cuvid --enable-ffnvcodec --enable-nvdec --enable-nvenc --enable-dxva2 --enable-d3d11va --enable-libvpl --enable-libshaderc --enable-vulkan --enable-libplacebo --enable-opencl --enable-libcdio --enable-libgme --enable-libmodplug --enable-libopenmpt --enable-libopencore-amrwb --enable-libmp3lame --enable-libshine --enable-libtheora --enable-libtwolame --enable-libvo-amrwbenc --enable-libcodec2 --enable-libilbc --enable-libgsm --enable-libopencore-amrnb --enable-libopus --enable-libspeex --enable-libvorbis --enable-ladspa --enable-libbs2b --enable-libflite --enable-libmysofa --enable-librubberband --enable-libsoxr --enable-chromaprint
  libavutil      58. 29.100 / 58. 29.100
  libavcodec     60. 31.102 / 60. 31.102
  libavformat    60. 16.100 / 60. 16.100
  libavdevice    60.  3.100 / 60.  3.100
  libavfilter     9. 12.100 /  9. 12.100
  libswscale      7.  5.100 /  7.  5.100
  libswresample   4. 12.100 /  4. 12.100
  libpostproc    57.  3.100 / 57.  3.100
[in#0 @ 0000024803497e00] Error opening input: No such file or directory
Error opening input file audio.
Error opening input files: No such file or directory

Detecting language using up to the first 30 seconds. Use `--language` to specify the language
Detected language: English
[00:00.000 --> 00:04.000]  Oh, we are cool.
[00:04.000 --> 00:12.000]  One of the things I've watched while I've been stuck in my room is there's a series.
[00:12.000 --> 00:18.000]  It's on I view called capture and it's about deep fakes.
[00:18.000 --> 00:21.000]  It's series two that's up there now.
[00:21.000 --> 00:29.000]  And it's about political entities being able to just erase events by editing CCTV.
[00:29.000 --> 00:32.000]  And it's really quite good.
[00:32.000 --> 00:35.000]  It's not good for you.
[00:35.000 --> 00:38.000]  It's a paranoia, but it's good.
[00:38.000 --> 00:41.000]  It's a good British crime.
[00:41.000 --> 00:44.000]  It's been a drama. It's good. It's worth watching.
[00:44.000 --> 00:45.000]  Yeah.
[00:45.000 --> 00:47.000]  I'm like, no, there's you don't know anymore.
[00:47.000 --> 00:50.000]  What you can't believe when you simply.
[00:50.000 --> 00:52.000]  Yeah, yeah, all that stuff.
[00:52.000 --> 00:56.000]  It's it's very well done, then it's.
[00:56.000 --> 00:58.000]  Yeah, it's worth watching.
[00:58.000 --> 01:00.000]  I won't say anymore.
[01:00.000 --> 01:03.000]  But I'm glad that you.
[01:03.000 --> 01:09.000]  I don't know who you are.
[01:09.000 --> 01:10.000]  That's all right.
[01:10.000 --> 01:11.000]  I don't know.
[01:11.000 --> 01:13.000]  I've claimed COVID like memory loss.
[01:13.000 --> 01:17.000]  I don't know if that's one of the side effects.
[01:17.000 --> 01:19.000]  It could be.
[01:19.000 --> 01:21.000]  I think it's actually.
[01:21.000 --> 01:22.000]  I haven't.
